01.07.2023 6:47pm  127.0.0.1  543671WhatsApp Image 2022-12-06 at 10.45.31.jpeg
01.09.2023 5:27pm  127.0.0.1  811462copy.png
01.16.2023 10:30am  127.0.0.1  191376Paris-and-Switzerland-Packages.png
01.30.2023 10:33am  ::1  1492621.png
02.07.2023 6:52pm  127.0.0.1  954620BingImageOfTheDay_20190727.jpg
02.09.2023 1:20pm  127.0.0.1  Deduct-Statement-2023-02-09.csv
02.09.2023 1:21pm  127.0.0.1  Deduct-Statement-2023-02-09.csv
02.09.2023 1:21pm  127.0.0.1  Deduct-Statement-2023-02-09.csv
02.09.2023 2:26pm  127.0.0.1  Deduct-Statement-2023-02-09.csv
02.09.2023 2:34pm  127.0.0.1  Deduct-Statement-2023-02-09.csv
02.09.2023 2:39pm  127.0.0.1  Deduct-Statement-2023-02-09.csv
02.09.2023 2:40pm  127.0.0.1  Deduct-Statement-2023-02-09.csv
02.09.2023 2:41pm  127.0.0.1  Deposit-Statement-2023-02-09.csv
02.09.2023 3:29pm  127.0.0.1  Deposit-Statement-2023-02-09.csv
02.09.2023 3:30pm  127.0.0.1  Deduct-Statement-2023-02-09.csv
02.09.2023 3:31pm  127.0.0.1  Deduct-Statement-2023-02-09.csv
02.13.2023 6:48pm  127.0.0.1  Member-Statement-2023-02-13.csv
02.14.2023 5:37pm  ::1  Member-Statement-2023-02-14.csv
02.14.2023 5:38pm  ::1  Member-Statement-2023-02-14.csv
02.14.2023 5:41pm  ::1  Member-Statement-2023-02-14.csv
02.14.2023 5:41pm  ::1  Member-Statement-2023-02-14.csv
02.14.2023 5:43pm  ::1  Member-Active-Statement-2023-02-14.csv
02.14.2023 5:44pm  ::1  Member-Active-Statement-2023-02-14.csv
02.14.2023 5:44pm  ::1  Member-Active-Statement-2023-02-14.csv
02.14.2023 5:45pm  ::1  Member-Active-Statement-2023-02-14.csv
02.14.2023 5:46pm  ::1  Member-Active-Statement-2023-02-14.csv
02.14.2023 5:46pm  ::1  Member-Active-Statement-2023-02-14.csv
02.14.2023 5:48pm  ::1  Member-Active-Statement-2023-02-14.csv
02.14.2023 5:48pm  ::1  Member-Active-Statement-2023-02-14.csv
02.14.2023 5:48pm  ::1  Member-Active-Statement-2023-02-14.csv
02.14.2023 5:48pm  ::1  Member-Active-Statement-2023-02-14.csv
02.14.2023 5:49pm  ::1  Member-Active-Statement-2023-02-14.csv
02.14.2023 5:49pm  ::1  Member-Active-Statement-2023-02-14.csv
02.14.2023 5:49pm  ::1  Member-Active-Statement-2023-02-14.csv
02.14.2023 5:50pm  ::1  Member-Active-Statement-2023-02-14.csv
02.14.2023 5:50pm  ::1  Member-Active-Statement-2023-02-14.csv
02.14.2023 5:53pm  ::1  Member-Statement-2023-02-14.csv
02.14.2023 5:54pm  ::1  Member-Inactive-Statement-2023-02-14.csv
02.14.2023 5:54pm  ::1  Member-Inactive-Statement-2023-02-14.csv
02.14.2023 5:55pm  ::1  Member-Inactive-Statement-2023-02-14.csv
02.14.2023 5:56pm  ::1  Member-Inactive-Statement-2023-02-14.csv
02.14.2023 5:56pm  ::1  Member-Inactive-Statement-2023-02-14.csv
02.14.2023 6:00pm  ::1  Member-Inactive-Statement-2023-02-14.csv
02.14.2023 6:00pm  ::1  Member-Inactive-Statement-2023-02-14.csv
02.14.2023 6:07pm  ::1  Member-Inactive-Statement-2023-02-14.csv
02.14.2023 6:21pm  ::1  Member-Active-Statement-2023-02-14.csv
02.14.2023 6:21pm  ::1  Member-Active-Statement-2023-02-14.csv
02.14.2023 6:21pm  ::1  Member-Active-Statement-2023-02-14.csv
02.14.2023 6:22pm  ::1  Member-Inactive-Statement-2023-02-14.csv
02.14.2023 6:24pm  ::1  Member-Inactive-Statement-2023-02-14.csv
02.14.2023 6:24pm  ::1  Member-Active-Statement-2023-02-14.csv
02.14.2023 6:24pm  ::1  Member-Active-Statement-2023-02-14.csv
02.14.2023 6:27pm  ::1  Member-Inactive-Statement-2023-02-14.csv
02.14.2023 6:37pm  ::1  Member-Active-Statement-2023-02-14.csv
02.14.2023 6:40pm  ::1  Member-Active-Statement-2023-02-14.csv
02.14.2023 6:43pm  ::1  Member-Active-Statement-2023-02-14.csv
02.14.2023 6:47pm  ::1  Member-Active-Statement-2023-02-14.csv
02.14.2023 6:50pm  ::1  Member-Active-Statement-2023-02-14.csv
02.14.2023 6:50pm  ::1  Member-Active-Statement-2023-02-14.csv
02.14.2023 6:56pm  ::1  Member-Active-Statement-2023-02-14.csv
02.14.2023 6:57pm  ::1  Member-Active-Statement-2023-02-14.csv
02.14.2023 7:00pm  ::1  Member-Statement-2023-02-14.csv
02.14.2023 7:00pm  ::1  Member-Statement-2023-02-14.csv
02.14.2023 7:01pm  ::1  Member-Statement-2023-02-14.csv
02.14.2023 7:01pm  ::1  Member-Active-Statement-2023-02-14.csv
02.14.2023 7:02pm  ::1  Member-Active-Statement-2023-02-14.csv
02.14.2023 7:06pm  ::1  Member-Active-Statement-2023-02-14.csv
02.14.2023 7:07pm  ::1  Member-Inactive-Statement-2023-02-14.csv
02.14.2023 7:27pm  ::1  Member-Active-Statement-2023-02-14.csv
02.15.2023 9:15am  ::1  Member-Active-Statement-2023-02-15.csv
02.15.2023 9:18am  ::1  Member-Active-Statement-2023-02-15.csv
02.15.2023 9:18am  ::1  Member-Active-Statement-2023-02-15.csv
02.15.2023 9:20am  ::1  Member-Active-Statement-2023-02-15.csv
02.15.2023 9:23am  ::1  Payment-Statement-2023-02-15.csv
02.15.2023 9:24am  ::1  Payment-Statement-2023-02-15.csv
02.15.2023 9:25am  ::1  9888002.png
02.15.2023 9:25am  ::1  Payment-Statement-2023-02-15.csv
02.15.2023 9:26am  ::1  Payment-Statement-2023-02-15.csv
02.15.2023 9:32am  ::1  Payment-Statement-2023-02-15.csv
02.15.2023 9:33am  ::1  Payment-Statement-2023-02-15.csv
02.15.2023 9:36am  ::1  Member-Active-Statement-2023-02-15.csv
02.15.2023 9:36am  ::1  Member-Active-Statement-2023-02-15.csv
02.15.2023 9:56am  ::1  Payment-Statement-2023-02-15.csv
02.15.2023 9:57am  ::1  Payment-Statement-2023-02-15.csv
02.15.2023 10:05am  ::1  Payment-Statement-2023-02-15.csv
02.15.2023 10:05am  ::1  Payment-Statement-2023-02-15.csv
02.15.2023 10:07am  ::1  Payment-Statement-2023-02-15.csv
02.15.2023 10:07am  ::1  Payment-Statement-2023-02-15.csv
02.15.2023 10:07am  ::1  Payment-Statement-2023-02-15.csv
02.15.2023 10:08am  ::1  Payment-Statement-2023-02-15.csv
02.15.2023 10:09am  ::1  Member-Inactive-Statement-2023-02-15.csv
02.15.2023 10:10am  ::1  Member-Inactive-Statement-2023-02-15.csv
02.15.2023 10:12am  ::1  Payment-Statement-2023-02-15.csv
02.15.2023 10:12am  ::1  Payment-Statement-2023-02-15.csv
02.15.2023 10:13am  ::1  Payment-Statement-2023-02-15.csv
02.15.2023 10:13am  ::1  Payment-Statement-2023-02-15.csv
02.15.2023 10:15am  ::1  Member-Active-Statement-2023-02-15.csv
02.15.2023 10:16am  ::1  Member-Inactive-Statement-2023-02-15.csv
02.15.2023 10:18am  ::1  Member-Inactive-Statement-2023-02-15.csv
02.15.2023 10:22am  ::1  Member-Active-Statement-2023-02-15.csv
02.15.2023 10:23am  ::1  Member-Active-Statement-2023-02-15.csv
02.15.2023 10:23am  ::1  Member-Active-Statement-2023-02-15.csv
02.15.2023 10:23am  ::1  Member-Active-Statement-2023-02-15.csv
02.15.2023 10:24am  ::1  Member-Inactive-Statement-2023-02-15.csv
02.15.2023 10:24am  ::1  Member-Inactive-Statement-2023-02-15.csv
02.15.2023 10:25am  ::1  Member-Active-Statement-2023-02-15.csv
02.15.2023 10:25am  ::1  Payment-Statement-2023-02-15.csv
02.15.2023 10:26am  ::1  Payment-Statement-2023-02-15.csv
02.15.2023 10:27am  ::1  Payment-Statement-2023-02-15.csv
03.18.2023 2:55am  ::1  Member-Statement-2023-03-18.csv
03.18.2023 6:00am  ::1  Pending-Statement-2023-03-18.csv
03.18.2023 6:02am  ::1  Pending-Statement-2023-03-18.csv
03.18.2023 6:03am  ::1  Approved-Statement-2023-03-18.csv
03.18.2023 6:04am  ::1  Approved-Statement-2023-03-18.csv
03.18.2023 6:04am  ::1  Member-Statement-2023-03-18.csv
03.20.2023 8:58pm  ::1  443359Apple-Logo-Window-Dark-Broken-iphone.jpg
03.20.2023 8:58pm  ::1  702911download.jpg
03.21.2023 12:06am  ::1  Member-Statement-2023-03-21.csv
03.21.2023 1:31am  ::1  Member-Inactive-Statement-2023-03-21.csv
03.21.2023 1:31am  ::1  Member-Active-Statement-2023-03-21.csv
03.21.2023 1:32am  ::1  Member-Inactive-Statement-2023-03-21.csv
03.21.2023 1:53am  ::1  Member-Inactive-Statement-2023-03-21.csv
03.21.2023 4:23am  ::1  482758background-7.jpg
03.21.2023 5:15am  ::1  Member-Statement-2023-03-21.csv
03.21.2023 5:15am  ::1  Member-Active-Statement-2023-03-21.csv
03.22.2023 10:59pm  ::1  Member-Active-Statement-2023-03-23.csv
03.22.2023 10:59pm  ::1  Member-Statement-2023-03-23.csv
03.22.2023 11:01pm  ::1  Member-Active-Statement-2023-03-23.csv
03.22.2023 11:02pm  ::1  Member-Statement-2023-03-23.csv
03.24.2023 1:43am  ::1  Member-Statement-2023-03-24.csv
04.04.2023 10:38pm  ::1  Member-Statement-2023-04-05.csv
04.04.2023 10:41pm  ::1  Member-Statement-2023-04-05.csv
